<?xml version="1.0" encoding="UTF-8"?>
<testsuite xmlns:xsi="http://www.w3.org/2001/XMLSchema-instance" xsi:noNamespaceSchemaLocation="https://maven.apache.org/surefire/maven-surefire-plugin/xsd/surefire-test-report.xsd" name="BookingTests" time="10.141" tests="4" errors="0" skipped="0" failures="1">
  <properties>
[...]
</properties>
  <testcase name="DeleteBooking_returnOk" classname="BookingTests" time="2.657">
    <failure message="expected: &lt;200&gt; but was: &lt;403&gt;" type="org.opentest4j.AssertionFailedError"><![CDATA[org.opentest4j.AssertionFailedError: expected: <200> but was: <403>
	at BookingTests.DeleteBooking_returnOk(BookingTests.java:112)
]]></failure>
    <system-out><![CDATA[Request method:	DELETE
Request URI:	https://restful-booker.herokuapp.com/booking/1
Proxy:			<none>
Request params:	<none>
Query params:	<none>
Form params:	<none>
Path params:	<none>
Headers:		Accept=*/*
				Content-Type=application/json
Cookies:		<none>
Multiparts:		<none>
Body:			<none>
HTTP/1.1 403 Forbidden
Server: Cowboy
Connection: keep-alive
X-Powered-By: Express
Content-Type: text/plain; charset=utf-8
Content-Length: 9
Etag: W/"9-PatfYBLj4Um1qTm5zrukoLhNyPU"
Date: Sat, 28 Jan 2023 02:27:27 GMT
Via: 1.1 vegur

Forbidden
HTTP/1.1 403 Forbidden
Server: Cowboy
Connection: keep-alive
X-Powered-By: Express
Content-Type: text/plain; charset=utf-8
Content-Length: 9
Etag: W/"9-PatfYBLj4Um1qTm5zrukoLhNyPU"
Date: Sat, 28 Jan 2023 02:27:27 GMT
Via: 1.1 vegur

Forbidden
]]></system-out>
  </testcase>
  <testcase name="getAllBookingsByUserFirstName_BookingExists_returnOk" classname="BookingTests" time="2.649"/>
  <testcase name="getAllBookingsById_returnOk" classname="BookingTests" time="1.183"/>
  <testcase name="CreateBooking_WithValidData_returnOk" classname="BookingTests" time="2.316"/>
</testsuite>